<?xml version="1.0" encoding="UTF-8"?>
<testsuites>
    <testsuite name="force.apex" timestamp="2026-08-30T20:10:16.000Z" hostname="https://propumpcorp1.my.salesforce.com" tests="164" failures="0"  errors="0"  time="238.86">
        <properties>
            <property name="outcome" value="Successful"/>
            <property name="testsRan" value="164"/>
            <property name="passing" value="164"/>
            <property name="failing" value="0"/>
            <property name="skipped" value="0"/>
            <property name="passRate" value="100%"/>
            <property name="failRate" value="0%"/>
            <property name="testStartTime" value="Sun Aug 30 2026 4:10:16 PM"/>
            <property name="testSetupTimeInMs" value="9920"/>
            <property name="testExecutionTime" value="238.86 s"/>
            <property name="testTotalTime" value="248.78 s"/>
            <property name="commandTime" value="0.14 s"/>
            <property name="hostname" value="https://propumpcorp1.my.salesforce.com"/>
            <property name="orgId" value="00D5Y000001bOdpUAE"/>
            <property name="username" value="matt@surfstackai-propump.com"/>
            <property name="testRunId" value="707Qj00002flWbS"/>
            <property name="userId" value="005Qj00000gbBCPIA2"/>
            <property name="coveredLines" value="6339"/>
            <property name="testRunCoverage" value="87%"/>
            <property name="orgWideCoverage" value="46%"/>
        </properties>
        <testcase name="balanceRemainingRequiresAllAttributedVisitsBilledBelowQuote" classname="BillingControl_BillingReadinessTest" time="7.05">
        </testcase>
        <testcase name="denyListInvoiceTextIsNeedsReview" classname="BillingControl_BillingReadinessTest" time="1.17">
        </testcase>
        <testcase name="depositDueAppearsWithoutCompletedVisits" classname="BillingControl_BillingReadinessTest" time="0.72">
        </testcase>
        <testcase name="flagAppointmentForReviewWritesBillingReviewFlag" classname="BillingControl_BillingReadinessTest" time="1.33">
        </testcase>
        <testcase name="groupsCompletedVisitsOntoOneOpportunityRow" classname="BillingControl_BillingReadinessTest" time="1.29">
        </testcase>
        <testcase name="legacyAccountingNoteFlagPrefixStillTriggersNeedsReview" classname="BillingControl_BillingReadinessTest" time="1.27">
        </testcase>
        <testcase name="missingAmountAndInvalidInvoiceNumberAreNeedsReview" classname="BillingControl_BillingReadinessTest" time="1.42">
        </testcase>
        <testcase name="ordinaryAccountingNoteDoesNotTriggerNeedsReview" classname="BillingControl_BillingReadinessTest" time="1.22">
        </testcase>
        <testcase name="ordinaryNotesDoNotCreateNeedsReview" classname="BillingControl_BillingReadinessTest" time="2.67">
        </testcase>
        <testcase name="readyToBillAbsentWhenAllAttributedVisitsAreBilled" classname="BillingControl_BillingReadinessTest" time="1.18">
        </testcase>
        <testcase name="readyToBillIncludesFullyInvoicedQuoteWithUnbilledVisit" classname="BillingControl_BillingReadinessTest" time="1.24">
        </testcase>
        <testcase name="unresolvedMultiOpportunityAttributionIsNeedsReview" classname="BillingControl_BillingReadinessTest" time="1.15">
        </testcase>
        <testcase name="dateFilterUsesPaidDateNotCloseDate" classname="BillingControl_CommissionLifecycleTest" time="2.08">
        </testcase>
        <testcase name="ensureAccruedAndManualRateUseInvoicedTotal" classname="BillingControl_CommissionLifecycleTest" time="0.54">
        </testcase>
        <testcase name="payableUsesInvoicedTotalAndPayRequiresPayable" classname="BillingControl_CommissionLifecycleTest" time="0.59">
        </testcase>
        <testcase name="getConfig_groupsSectionsAndChildrenUnderCorrectParents" classname="BillingControl_ConfigServiceTest" time="0.11">
        </testcase>
        <testcase name="getConfig_returnsActiveTabsInDisplayOrder" classname="BillingControl_ConfigServiceTest" time="0.03">
        </testcase>
        <testcase name="getTabConfig_returnsOnlyRequestedTab" classname="BillingControl_ConfigServiceTest" time="0.07">
        </testcase>
        <testcase name="activeDatasetsDispatchWithoutDml" classname="BillingControl_DataProviderTest" time="0.74">
        </testcase>
        <testcase name="activeInvoicingConfigTreatsNullInvoiceAmountAsUninvoiced" classname="BillingControl_DataProviderTest" time="0.86">
        </testcase>
        <testcase name="dateRangeAndQueryFilterHelpersCoverSupportedBranches" classname="BillingControl_DataProviderTest" time="0.01">
        </testcase>
        <testcase name="directInvoicingCapRowsButKeepAggregateTotals" classname="BillingControl_DataProviderTest" time="31.54">
        </testcase>
        <testcase name="directInvoicingFilterOverloadsSupportOrderEffectiveDate" classname="BillingControl_DataProviderTest" time="0.19">
        </testcase>
        <testcase name="directInvoicingFiltersSupportNullInvoiceAndDateComparisons" classname="BillingControl_DataProviderTest" time="0.19">
        </testcase>
        <testcase name="directInvoicingGroupsRowsByWorkOrderButKeepsServiceAppointmentCounts" classname="BillingControl_DataProviderTest" time="0.54">
        </testcase>
        <testcase name="invalidCustomDateFilterWarnsSafely" classname="BillingControl_DataProviderTest" time="0.11">
        </testcase>
        <testcase name="invoicingAppliesPageDateFilter" classname="BillingControl_DataProviderTest" time="0.20">
        </testcase>
        <testcase name="invoicingEligibilityCoversMissingWorkOrderAndBlankSiblings" classname="BillingControl_DataProviderTest" time="0.80">
        </testcase>
        <testcase name="invoicingExcludesFullyMarkedAndWorkOrderInv" classname="BillingControl_DataProviderTest" time="0.90">
        </testcase>
        <testcase name="invoicingInvMarkersAreCaseInsensitive" classname="BillingControl_DataProviderTest" time="0.01">
        </testcase>
        <testcase name="invoicingKeepsPartiallyMarkedWorkOrdersUninvoiced" classname="BillingControl_DataProviderTest" time="0.81">
        </testcase>
        <testcase name="lastYearDateFilterIsSupported" classname="BillingControl_DataProviderTest" time="0.10">
        </testcase>
        <testcase name="missingDatasetReturnsEmptyWithWarnings" classname="BillingControl_DataProviderTest" time="0.08">
        </testcase>
        <testcase name="missingFiltersDoNotBreakRetrieval" classname="BillingControl_DataProviderTest" time="0.17">
        </testcase>
        <testcase name="missingReceivablesDatasetReturnsEmptyWithWarnings" classname="BillingControl_DataProviderTest" time="0.08">
        </testcase>
        <testcase name="ordersBucketsCoverCompletedWindowsAndNoOpportunity" classname="BillingControl_DataProviderTest" time="1.25">
        </testcase>
        <testcase name="ordersBucketsFollowEarliestStartAndExcludeCompleted" classname="BillingControl_DataProviderTest" time="1.04">
        </testcase>
        <testcase name="ordersRuntimeDateFilterChangesKpis" classname="BillingControl_DataProviderTest" time="0.20">
        </testcase>
        <testcase name="ordersRuntimeSupportsMonthQuarterAndCustomWindows" classname="BillingControl_DataProviderTest" time="0.34">
        </testcase>
        <testcase name="providerDateAndReceivableFiltersApplyToRuntimeData" classname="BillingControl_DataProviderTest" time="0.48">
        </testcase>
        <testcase name="runtimeDataReceivablesCapRowsButKeepAggregateTotals" classname="BillingControl_DataProviderTest" time="30.58">
        </testcase>
        <testcase name="unsupportedHandlerReturnsEmptyWithWarning" classname="BillingControl_DataProviderTest" time="0.08">
        </testcase>
        <testcase name="unsupportedOperatorAndInvalidFieldGenerateWarnings" classname="BillingControl_DataProviderTest" time="0.37">
        </testcase>
        <testcase name="backfillSetsBalanceAndDerivedOnBlankInvoiceFields" classname="BillingControl_FoundationTest" time="7.41">
        </testcase>
        <testcase name="billedAppointmentIdsIgnoreVoidInvoicesAndTextFields" classname="BillingControl_FoundationTest" time="0.89">
        </testcase>
        <testcase name="invoiceMathRecalculatesFromPaymentsAndLeavesVoidAlone" classname="BillingControl_FoundationTest" time="0.99">
        </testcase>
        <testcase name="opportunityFinancialsAggregateNonVoidInvoices" classname="BillingControl_FoundationTest" time="1.03">
        </testcase>
        <testcase name="parserAcceptsMixedCaseDpPrefix" classname="BillingControl_FoundationTest" time="0.01">
        </testcase>
        <testcase name="parserDenyListReturnsNoTokens" classname="BillingControl_FoundationTest" time="0.01">
        </testcase>
        <testcase name="parserReadsStandaloneDepositAndInheritedBalanceNumbers" classname="BillingControl_FoundationTest" time="0.01">
        </testcase>
        <testcase name="parserSplitsCombinedDepositAndBalanceTokens" classname="BillingControl_FoundationTest" time="0.01">
        </testcase>
        <testcase name="coalescedExistingHeaderSkipsParsedDigitKeys" classname="BillingControl_InvSyncRedesignTest" time="6.13">
        </testcase>
        <testcase name="parserCanonicalAndDigitKeyAndDenyList" classname="BillingControl_InvSyncRedesignTest" time="0.00">
        </testcase>
        <testcase name="parserTokensCreatePendingExternalInvoicesAndRerunIsNoop" classname="BillingControl_InvSyncRedesignTest" time="0.92">
        </testcase>
        <testcase name="createDepositInvoiceWithoutServiceAppointments" classname="BillingControl_InvoiceServiceTest" time="6.41">
        </testcase>
        <testcase name="defaultsAndCandidatesSurfaceQuoteAndRemaining" classname="BillingControl_InvoiceServiceTest" time="1.04">
        </testcase>
        <testcase name="doesNotOverwritePaidBillingStatus" classname="BillingControl_InvoiceServiceTest" time="1.39">
        </testcase>
        <testcase name="fullRemainingRequiresExplicitConsent" classname="BillingControl_InvoiceServiceTest" time="0.95">
        </testcase>
        <testcase name="multiOpportunityWorkOrderDoesNotStampAppointmentUnlessOptedIn" classname="BillingControl_InvoiceServiceTest" time="1.67">
        </testcase>
        <testcase name="rejectsAlreadyBilledAppointmentAndForeignOpportunity" classname="BillingControl_InvoiceServiceTest" time="1.64">
        </testcase>
        <testcase name="varianceRequiresExplicitConsent" classname="BillingControl_InvoiceServiceTest" time="0.95">
        </testcase>
        <testcase name="coverLegacyInvoicingRowPipeline" classname="BillingControl_InvoicingTest" time="0.17">
        </testcase>
        <testcase name="testBillingMetrics" classname="BillingControl_InvoicingTest" time="0.06">
        </testcase>
        <testcase name="testCommissionMetricsAndGrouping" classname="BillingControl_InvoicingTest" time="0.45">
        </testcase>
        <testcase name="testCompleteBillingAllocatesCurrentOpportunityAmountOnceAcrossSelectedAppointments" classname="BillingControl_InvoicingTest" time="1.38">
        </testcase>
        <testcase name="testCompleteBillingRejectsDuplicateInvoiceNumberInRequest" classname="BillingControl_InvoicingTest" time="0.31">
        </testcase>
        <testcase name="testCompleteBillingRejectsFullyInvoicedOpportunity" classname="BillingControl_InvoicingTest" time="0.68">
        </testcase>
        <testcase name="testCompleteBillingRejectsInvoiceNumberAlreadyInOrg" classname="BillingControl_InvoicingTest" time="0.07">
        </testcase>
        <testcase name="testCompleteBillingRejectsInvoiceNumberLongerThan80" classname="BillingControl_InvoicingTest" time="0.05">
        </testcase>
        <testcase name="testCompleteBillingRejectsReadyDiaryOrderWithoutOpportunity" classname="BillingControl_InvoicingTest" time="0.42">
        </testcase>
        <testcase name="testCompleteBillingRejectsUnattributedMultiOpportunityAppointment" classname="BillingControl_InvoicingTest" time="0.58">
        </testcase>
        <testcase name="testCompleteBillingTransitionsPaidOpportunityToOutstanding" classname="BillingControl_InvoicingTest" time="1.15">
        </testcase>
        <testcase name="testCompleteBillingUsesSoleJunctionOpportunityWhenAppointmentHasNone" classname="BillingControl_InvoicingTest" time="0.91">
        </testcase>
        <testcase name="testCompleteServiceAppointmentBillingFailsWithoutOpportunityAmount" classname="BillingControl_InvoicingTest" time="0.12">
        </testcase>
        <testcase name="testCompleteServiceAppointmentBillingFailsWithoutOrderDiary" classname="BillingControl_InvoicingTest" time="0.72">
        </testcase>
        <testcase name="testCompleteServiceAppointmentBillingGroupsByOpportunity" classname="BillingControl_InvoicingTest" time="1.82">
        </testcase>
        <testcase name="testCompleteServiceAppointmentBillingOnlyBillsSelectedReadyDiaryRow" classname="BillingControl_InvoicingTest" time="1.04">
        </testcase>
        <testcase name="testCompleteServiceAppointmentBillingRejectsIneligibleSelectedAppointment" classname="BillingControl_InvoicingTest" time="0.50">
        </testcase>
        <testcase name="testCompleteServiceAppointmentBillingRejectsSelectedNonReadyDiaryRow" classname="BillingControl_InvoicingTest" time="1.04">
        </testcase>
        <testcase name="testCompleteServiceAppointmentBillingRejectsSelectionWithoutReadyDiaryOrder" classname="BillingControl_InvoicingTest" time="0.41">
        </testcase>
        <testcase name="testCompleteServiceAppointmentBillingUsesCurrentOpportunityAmount" classname="BillingControl_InvoicingTest" time="0.54">
        </testcase>
        <testcase name="testCompleteServiceAppointmentBillingUsesProvidedInvoiceNumbers" classname="BillingControl_InvoicingTest" time="0.43">
        </testcase>
        <testcase name="testCreateCommissionRecordsHandlesEmptyInvalidSuccessAndDuplicate" classname="BillingControl_InvoicingTest" time="0.63">
        </testcase>
        <testcase name="testInvSyncAttributesWoliParentedAppointment" classname="BillingControl_InvoicingTest" time="1.22">
        </testcase>
        <testcase name="testInvSyncPrefersServiceAppointmentInvoiceNumber" classname="BillingControl_InvoicingTest" time="1.13">
        </testcase>
        <testcase name="testInvSyncPreservesPaidAndPartiallyPaidStatuses" classname="BillingControl_InvoicingTest" time="1.22">
        </testcase>
        <testcase name="testInvSyncSkipsDuplicateInvoiceNumberInSameScope" classname="BillingControl_InvoicingTest" time="1.20">
        </testcase>
        <testcase name="testInvSyncSkipsExistingInvoiceAndOutOfScopeRows" classname="BillingControl_InvoicingTest" time="1.29">
        </testcase>
        <testcase name="testInvSyncSkipsExistingInvoiceLineOnAppointment" classname="BillingControl_InvoicingTest" time="1.05">
        </testcase>
        <testcase name="testInvSyncSkipsFullyInvoicedAndSecondInvoiceGroup" classname="BillingControl_InvoicingTest" time="1.13">
        </testcase>
        <testcase name="testInvSyncStampsBlankServiceAppointmentFromWorkOrder" classname="BillingControl_InvoicingTest" time="1.31">
        </testcase>
        <testcase name="testInvoicingExcludesCanceledWorkOrdersAndUnattributedAppointments" classname="BillingControl_InvoicingTest" time="0.72">
        </testcase>
        <testcase name="testInvoicingIncludesWoliParentedCompletedAppointments" classname="BillingControl_InvoicingTest" time="1.23">
        </testcase>
        <testcase name="testInvoicingMetricsSupportExplicitDateComparisons" classname="BillingControl_InvoicingTest" time="0.19">
        </testcase>
        <testcase name="testInvoicingMetricsSupportExplicitZeroInvoicedFilters" classname="BillingControl_InvoicingTest" time="0.18">
        </testcase>
        <testcase name="testInvoicingPublicHelperCoverage" classname="BillingControl_InvoicingTest" time="0.40">
        </testcase>
        <testcase name="testOpportunityQueries" classname="BillingControl_InvoicingTest" time="0.08">
        </testcase>
        <testcase name="testPayCommissionsRejectsAccruedStatus" classname="BillingControl_InvoicingTest" time="0.02">
        </testcase>
        <testcase name="testPostReceiptRejectsOverpayment" classname="BillingControl_InvoicingTest" time="0.04">
        </testcase>
        <testcase name="testPostReceiptRequiresOpenInvoice" classname="BillingControl_InvoicingTest" time="0.52">
        </testcase>
        <testcase name="testPostReceiptSupportsPartialAndFullPayments" classname="BillingControl_InvoicingTest" time="0.63">
        </testcase>
        <testcase name="testPostReceiptUsesExistingInvoiceWithoutOrder" classname="BillingControl_InvoicingTest" time="0.70">
        </testcase>
        <testcase name="testPostReceiptValidatesRequiredInputs" classname="BillingControl_InvoicingTest" time="0.02">
        </testcase>
        <testcase name="testReceivablesOutstandingUsesInvoiceNotOrderDiary" classname="BillingControl_InvoicingTest" time="1.14">
        </testcase>
        <testcase name="testServiceAppointmentBillingMetricsAndGrouping" classname="BillingControl_InvoicingTest" time="0.17">
        </testcase>
        <testcase name="testServiceAppointmentBillingMetricsDedupesRevenueByOpportunity" classname="BillingControl_InvoicingTest" time="0.87">
        </testcase>
        <testcase name="testUpdateCommissionPaid" classname="BillingControl_InvoicingTest" time="0.08">
        </testcase>
        <testcase name="testUpdateCommissionPaidHandlesNullAndEmptyInput" classname="BillingControl_InvoicingTest" time="0.01">
        </testcase>
        <testcase name="previewCountsUniqueJunctionsDepositsAndLeavesExecuteEmpty" classname="BillingControl_MigrationServiceTest" time="7.51">
        </testcase>
        <testcase name="previewIsDryRunAndDoesNotVoidInvoices" classname="BillingControl_MigrationServiceTest" time="0.50">
        </testcase>
        <testcase name="readinessSectionsCountUniqueOpportunities" classname="BillingControl_ReadyToBillKpiTest" time="6.31">
        </testcase>
        <testcase name="depositOnlyPaidStaysPartiallyPaidUntilQuoteIsCovered" classname="BillingControl_ReceivablesWorklistTest" time="3.37">
        </testcase>
        <testcase name="depositPaidInFullDoesNotPayTheJob" classname="BillingControl_ReceivablesWorklistTest" time="0.74">
        </testcase>
        <testcase name="getInvoiceForReceiptRejectsVoidAndWrongOpportunity" classname="BillingControl_ReceivablesWorklistTest" time="0.72">
        </testcase>
        <testcase name="invoiceWithoutOpportunityIsUnassignedInWorklist" classname="BillingControl_ReceivablesWorklistTest" time="0.08">
        </testcase>
        <testcase name="needsAmountAndSetInvoiceAmount" classname="BillingControl_ReceivablesWorklistTest" time="0.53">
        </testcase>
        <testcase name="openArIgnoresInvoiceDateWindow" classname="BillingControl_ReceivablesWorklistTest" time="0.49">
        </testcase>
        <testcase name="overdueInvoiceAppearsOncePerSectionAndInOverlappingSections" classname="BillingControl_ReceivablesWorklistTest" time="0.94">
        </testcase>
        <testcase name="paidInvoiceLeavesReceivablesForAccruedCommissions" classname="BillingControl_ReceivablesWorklistTest" time="0.52">
        </testcase>
        <testcase name="threePartialPaymentsLeaveCommissionAccruedUntilPaidInFull" classname="BillingControl_ReceivablesWorklistTest" time="0.93">
        </testcase>
        <testcase name="accountOwnerStaysLiveWithoutLedgerSync" classname="BillingControl_WorkOrderLedgerTest" time="1.39">
        </testcase>
        <testcase name="assignServiceAppointmentOpportunitiesReportsConflictsAndRejectsInvalidRows" classname="BillingControl_WorkOrderLedgerTest" time="2.06">
        </testcase>
        <testcase name="assignServiceAppointmentOpportunitiesStampsBlankEligibleVisits" classname="BillingControl_WorkOrderLedgerTest" time="1.94">
        </testcase>
        <testcase name="billingHistoryDoesNotHideOpenAppointments" classname="BillingControl_WorkOrderLedgerTest" time="1.31">
        </testcase>
        <testcase name="bucketQueriesUseOwnedDateFieldsAndExclusiveMembership" classname="BillingControl_WorkOrderLedgerTest" time="2.00">
        </testcase>
        <testcase name="bucketQueryLimitWarnsWhenTruncated" classname="BillingControl_WorkOrderLedgerTest" time="1.43">
        </testcase>
        <testcase name="compactListUsesWorkOrderGrainWithoutOrders" classname="BillingControl_WorkOrderLedgerTest" time="2.43">
        </testcase>
        <testcase name="dateFilterExcludesClosedWorkOrderAppointments" classname="BillingControl_WorkOrderLedgerTest" time="1.27">
        </testcase>
        <testcase name="dateFilterExpandsOpportunityWorkAndHonorsOwner" classname="BillingControl_WorkOrderLedgerTest" time="2.69">
        </testcase>
        <testcase name="dateFilterIncludesWoliParentScheduledInRange" classname="BillingControl_WorkOrderLedgerTest" time="1.28">
        </testcase>
        <testcase name="dateFilterReadyUsesEarliestStartAndScheduledUsesSchedStart" classname="BillingControl_WorkOrderLedgerTest" time="1.27">
        </testcase>
        <testcase name="dateFilterSchedStartOnlyDoesNotRequireActualEnd" classname="BillingControl_WorkOrderLedgerTest" time="1.14">
        </testcase>
        <testcase name="dateFilterUsesCompletedServiceDate" classname="BillingControl_WorkOrderLedgerTest" time="1.43">
        </testcase>
        <testcase name="explicitMonthBoundsExcludeReadyWorkOutsideTheWindowEvenWithoutFilterKey" classname="BillingControl_WorkOrderLedgerTest" time="1.34">
        </testcase>
        <testcase name="fullyBilledWorkOrderStaysVisibleButOutOfKpis" classname="BillingControl_WorkOrderLedgerTest" time="1.24">
        </testcase>
        <testcase name="kpiRevenueCountsOnlyUnbilledAppointments" classname="BillingControl_WorkOrderLedgerTest" time="1.29">
        </testcase>
        <testcase name="ledgerDetailLoadsOnDemandForOneLedger" classname="BillingControl_WorkOrderLedgerTest" time="2.06">
        </testcase>
        <testcase name="ledgerDetailWindowLimitsAppointmentsToRange" classname="BillingControl_WorkOrderLedgerTest" time="1.29">
        </testcase>
        <testcase name="operationalBucketsExcludeInvoicedAndCompleted" classname="BillingControl_WorkOrderLedgerTest" time="1.86">
        </testcase>
        <testcase name="opportunityJunctionsDoNotChangeBucketMembership" classname="BillingControl_WorkOrderLedgerTest" time="2.54">
        </testcase>
        <testcase name="ordersRuntimePresetsChangeBucketMembership" classname="BillingControl_WorkOrderLedgerTest" time="1.41">
        </testcase>
        <testcase name="thisMonthExcludesReadyWorkWithJanuaryEarliestStart" classname="BillingControl_WorkOrderLedgerTest" time="1.26">
        </testcase>
        <testcase name="validationCountsAreAvailableForDiagnostics" classname="BillingControl_WorkOrderLedgerTest" time="0.70">
        </testcase>
        <testcase name="visitAmountSplitsPitCleaningOpportunityAcrossWorkOrders" classname="BillingControl_WorkOrderLedgerTest" time="1.30">
        </testcase>
        <testcase name="windowedDetailExcludesAppointmentsWithoutAStateOwnedDate" classname="BillingControl_WorkOrderLedgerTest" time="0.01">
        </testcase>
        <testcase name="workOrderInvoiceStatusDoesNotBrandEveryAppointmentBilled" classname="BillingControl_WorkOrderLedgerTest" time="0.01">
        </testcase>
        <testcase name="workOrderWithoutOpportunityReportsNoValueNotZero" classname="BillingControl_WorkOrderLedgerTest" time="0.90">
        </testcase>
        <testcase name="accountChangeUpdatesLookupWithoutDiaryEntry" classname="WorkOrderLedgerServiceTest" time="3.34">
        </testcase>
        <testcase name="backfillUsesHistoricalUserAndRerunDoesNotDuplicate" classname="WorkOrderLedgerServiceTest" time="1.50">
        </testcase>
        <testcase name="changedByUsesEventPayloadAndBackfillDoesNotUseRunningUser" classname="WorkOrderLedgerServiceTest" time="0.96">
        </testcase>
        <testcase name="deletingWorkOrderRemovesItsLedger" classname="WorkOrderLedgerServiceTest" time="1.41">
        </testcase>
        <testcase name="deletingWorkOrderWithoutLedgerSucceeds" classname="WorkOrderLedgerServiceTest" time="0.65">
        </testcase>
        <testcase name="depositAndPartsEventsStoreOldNewAndCycleTwice" classname="WorkOrderLedgerServiceTest" time="1.04">
        </testcase>
        <testcase name="invoiceNumberChangesDoNotInsertInvoice" classname="WorkOrderLedgerServiceTest" time="1.52">
        </testcase>
        <testcase name="opportunityLinkUnlinkAndUniqueKeyCoexist" classname="WorkOrderLedgerServiceTest" time="2.04">
        </testcase>
        <testcase name="persistEventsUpsertsOneLedgerAndIsIdempotent" classname="WorkOrderLedgerServiceTest" time="0.68">
        </testcase>
        <testcase name="resetBatchDefaultConstructorEnqueuesBackfill" classname="WorkOrderLedgerServiceTest" time="0.74">
        </testcase>
        <testcase name="resetBatchDeletesLedgersWithoutChainingBackfill" classname="WorkOrderLedgerServiceTest" time="0.78">
        </testcase>
        <testcase name="triggersAndControlAndClosedStatuses" classname="WorkOrderLedgerServiceTest" time="1.96">
        </testcase>
        <testcase name="unattributedCompletedAppointmentSetsAttention" classname="WorkOrderLedgerServiceTest" time="1.48">
        </testcase>
        <testcase name="woliParentedAppointmentAttachesToWorkOrderLedger" classname="WorkOrderLedgerServiceTest" time="0.97">
        </testcase>
    </testsuite>
</testsuites>
