{"numFailedTestSuites":0,"numFailedTests":0,"numPassedTestSuites":9,"numPassedTests":47,"numPendingTestSuites":0,"numPendingTests":0,"numRuntimeErrorTestSuites":0,"numTodoTests":0,"numTotalTestSuites":9,"numTotalTests":47,"openHandles":[],"snapshot":{"added":0,"didUpdate":false,"failure":false,"filesAdded":0,"filesRemoved":0,"filesRemovedList":[],"filesUnmatched":0,"filesUpdated":0,"matched":0,"total":0,"unchecked":0,"uncheckedKeysByFile":[],"unmatched":0,"updated":0},"startTime":1788120615844,"success":true,"testResults":[{"assertionResults":[{"ancestorTitles":["c-bcc-record-invoice-action"],"duration":305,"failureDetails":[],"failureMessages":[],"fullName":"c-bcc-record-invoice-action warns when the Service Appointment has no operational Opportunity","invocations":1,"location":null,"numPassingAsserts":5,"retryReasons":[],"status":"passed","title":"warns when the Service Appointment has no operational Opportunity"}],"endTime":1788120627364,"message":"","name":"C:\\Users\\matth\\Github Local\\Propump billing controller\\force-app\\main\\default\\lwc\\bccRecordInvoiceAction\\__tests__\\bccRecordInvoiceAction.test.js","startTime":1788120624289,"status":"passed","summary":""},{"assertionResults":[{"ancestorTitles":["c-billing-control-center-invoice-modal"],"duration":389,"failureDetails":[],"failureMessages":[],"fullName":"c-billing-control-center-invoice-modal requires a positive amount, offers invoice type, and leaves attribution unchecked","invocations":1,"location":null,"numPassingAsserts":5,"retryReasons":[],"status":"passed","title":"requires a positive amount, offers invoice type, and leaves attribution unchecked"},{"ancestorTitles":["c-billing-control-center-invoice-modal"],"duration":112,"failureDetails":[],"failureMessages":[],"fullName":"c-billing-control-center-invoice-modal keeps Create available with no service appointments once an Opportunity is chosen","invocations":1,"location":null,"numPassingAsserts":2,"retryReasons":[],"status":"passed","title":"keeps Create available with no service appointments once an Opportunity is chosen"},{"ancestorTitles":["c-billing-control-center-invoice-modal"],"duration":100,"failureDetails":[],"failureMessages":[],"fullName":"c-billing-control-center-invoice-modal includes unattributed visits as evidence instead of skipping them","invocations":1,"location":null,"numPassingAsserts":9,"retryReasons":[],"status":"passed","title":"includes unattributed visits as evidence instead of skipping them"},{"ancestorTitles":["c-billing-control-center-invoice-modal"],"duration":36,"failureDetails":[],"failureMessages":[],"fullName":"c-billing-control-center-invoice-modal loads Opportunity candidates from context when no visits are selected","invocations":1,"location":null,"numPassingAsserts":2,"retryReasons":[],"status":"passed","title":"loads Opportunity candidates from context when no visits are selected"}],"endTime":1788120627600,"message":"","name":"C:\\Users\\matth\\Github Local\\Propump billing controller\\force-app\\main\\default\\lwc\\billingControlCenterInvoiceModal\\__tests__\\billingControlCenterInvoiceModal.test.js","startTime":1788120624307,"status":"passed","summary":""},{"assertionResults":[{"ancestorTitles":["c-billing-control-center-ledger-modal"],"duration":389,"failureDetails":[],"failureMessages":[],"fullName":"c-billing-control-center-ledger-modal embeds Related Work for the full diary instead of a date-windowed Apex call","invocations":1,"location":null,"numPassingAsserts":2,"retryReasons":[],"status":"passed","title":"embeds Related Work for the full diary instead of a date-windowed Apex call"},{"ancestorTitles":["c-billing-control-center-ledger-modal"],"duration":33,"failureDetails":[],"failureMessages":[],"fullName":"c-billing-control-center-ledger-modal keeps Open Full Ledger available when not embedded","invocations":1,"location":null,"numPassingAsserts":2,"retryReasons":[],"status":"passed","title":"keeps Open Full Ledger available when not embedded"}],"endTime":1788120627690,"message":"","name":"C:\\Users\\matth\\Github Local\\Propump billing controller\\force-app\\main\\default\\lwc\\billingControlCenterLedgerModal\\__tests__\\billingControlCenterLedgerModal.test.js","startTime":1788120624307,"status":"passed","summary":""},{"assertionResults":[{"ancestorTitles":["c-billing-control-center-date-filter"],"duration":302,"failureDetails":[],"failureMessages":[],"fullName":"c-billing-control-center-date-filter defaults to This Month","invocations":1,"location":null,"numPassingAsserts":1,"retryReasons":[],"status":"passed","title":"defaults to This Month"},{"ancestorTitles":["c-billing-control-center-date-filter"],"duration":102,"failureDetails":[],"failureMessages":[],"fullName":"c-billing-control-center-date-filter shows resolved preset bounds next to the menu","invocations":1,"location":null,"numPassingAsserts":2,"retryReasons":[],"status":"passed","title":"shows resolved preset bounds next to the menu"},{"ancestorTitles":["c-billing-control-center-date-filter"],"duration":30,"failureDetails":[],"failureMessages":[],"fullName":"c-billing-control-center-date-filter emits This Month with the calendar-month bounds Apex must query","invocations":1,"location":null,"numPassingAsserts":2,"retryReasons":[],"status":"passed","title":"emits This Month with the calendar-month bounds Apex must query"},{"ancestorTitles":["c-billing-control-center-date-filter"],"duration":106,"failureDetails":[],"failureMessages":[],"fullName":"c-billing-control-center-date-filter emits a preset with resolved start and end dates","invocations":1,"location":null,"numPassingAsserts":4,"retryReasons":[],"status":"passed","title":"emits a preset with resolved start and end dates"},{"ancestorTitles":["c-billing-control-center-date-filter"],"duration":106,"failureDetails":[],"failureMessages":[],"fullName":"c-billing-control-center-date-filter emits every preset key the server can resolve","invocations":1,"location":null,"numPassingAsserts":1,"retryReasons":[],"status":"passed","title":"emits every preset key the server can resolve"},{"ancestorTitles":["c-billing-control-center-date-filter"],"duration":119,"failureDetails":[],"failureMessages":[],"fullName":"c-billing-control-center-date-filter carries both boundaries when a custom range is chosen","invocations":1,"location":null,"numPassingAsserts":1,"retryReasons":[],"status":"passed","title":"carries both boundaries when a custom range is chosen"},{"ancestorTitles":["c-billing-control-center-date-filter"],"duration":39,"failureDetails":[],"failureMessages":[],"fullName":"c-billing-control-center-date-filter does not emit a half-filled custom range","invocations":1,"location":null,"numPassingAsserts":1,"retryReasons":[],"status":"passed","title":"does not emit a half-filled custom range"}],"endTime":1788120627695,"message":"","name":"C:\\Users\\matth\\Github Local\\Propump billing controller\\force-app\\main\\default\\lwc\\billingControlCenterDateFilter\\__tests__\\billingControlCenterDateFilter.test.js","startTime":1788120624303,"status":"passed","summary":""},{"assertionResults":[{"ancestorTitles":["c-work-order-ledger-related-work"],"duration":619,"failureDetails":[],"failureMessages":[],"fullName":"c-work-order-ledger-related-work does not launch a new-visit flow and overlays assignment copy for blank visits","invocations":1,"location":null,"numPassingAsserts":17,"retryReasons":[],"status":"passed","title":"does not launch a new-visit flow and overlays assignment copy for blank visits"},{"ancestorTitles":["c-work-order-ledger-related-work"],"duration":257,"failureDetails":[],"failureMessages":[],"fullName":"c-work-order-ledger-related-work saves selected Opportunities and reloads so the visit moves to assigned","invocations":1,"location":null,"numPassingAsserts":5,"retryReasons":[],"status":"passed","title":"saves selected Opportunities and reloads so the visit moves to assigned"},{"ancestorTitles":["c-work-order-ledger-related-work"],"duration":109,"failureDetails":[],"failureMessages":[],"fullName":"c-work-order-ledger-related-work does not show a picker or no-opportunity copy when a junction exists but is not eligible","invocations":1,"location":null,"numPassingAsserts":5,"retryReasons":[],"status":"passed","title":"does not show a picker or no-opportunity copy when a junction exists but is not eligible"},{"ancestorTitles":["c-work-order-ledger-related-work"],"duration":67,"failureDetails":[],"failureMessages":[],"fullName":"c-work-order-ledger-related-work keeps a blank Opportunity cell when only one eligible Opportunity exists","invocations":1,"location":null,"numPassingAsserts":2,"retryReasons":[],"status":"passed","title":"keeps a blank Opportunity cell when only one eligible Opportunity exists"}],"endTime":1788120628340,"message":"","name":"C:\\Users\\matth\\Github Local\\Propump billing controller\\force-app\\main\\default\\lwc\\workOrderLedgerRelatedWork\\__tests__\\workOrderLedgerRelatedWork.test.js","startTime":1788120624305,"status":"passed","summary":""},{"assertionResults":[{"ancestorTitles":["c-billing-control-center-commissions"],"duration":956,"failureDetails":[],"failureMessages":[],"fullName":"c-billing-control-center-commissions renders accrued by salesperson collapsed until expanded","invocations":1,"location":null,"numPassingAsserts":12,"retryReasons":[],"status":"passed","title":"renders accrued by salesperson collapsed until expanded"},{"ancestorTitles":["c-billing-control-center-commissions"],"duration":266,"failureDetails":[],"failureMessages":[],"fullName":"c-billing-control-center-commissions pays with explicit paid date not the section filter end","invocations":1,"location":null,"numPassingAsserts":1,"retryReasons":[],"status":"passed","title":"pays with explicit paid date not the section filter end"}],"endTime":1788120628641,"message":"","name":"C:\\Users\\matth\\Github Local\\Propump billing controller\\force-app\\main\\default\\lwc\\billingControlCenterCommissions\\__tests__\\billingControlCenterCommissions.test.js","startTime":1788120624297,"status":"passed","summary":""},{"assertionResults":[{"ancestorTitles":["c-billing-control-center-commission"],"duration":520,"failureDetails":[],"failureMessages":[],"fullName":"c-billing-control-center-commission renders outstanding AR invoices even when This Month is selected","invocations":1,"location":null,"numPassingAsserts":12,"retryReasons":[],"status":"passed","title":"renders outstanding AR invoices even when This Month is selected"},{"ancestorTitles":["c-billing-control-center-commission"],"duration":370,"failureDetails":[],"failureMessages":[],"fullName":"c-billing-control-center-commission groups invoices by salesperson without repeating salesperson as a column","invocations":1,"location":null,"numPassingAsserts":15,"retryReasons":[],"status":"passed","title":"groups invoices by salesperson without repeating salesperson as a column"},{"ancestorTitles":["c-billing-control-center-commission"],"duration":133,"failureDetails":[],"failureMessages":[],"fullName":"c-billing-control-center-commission counts an invoice once when Apex status sections overlap","invocations":1,"location":null,"numPassingAsserts":2,"retryReasons":[],"status":"passed","title":"counts an invoice once when Apex status sections overlap"},{"ancestorTitles":["c-billing-control-center-commission"],"duration":196,"failureDetails":[],"failureMessages":[],"fullName":"c-billing-control-center-commission shows worklist invoices on All even when they are absent from status buckets","invocations":1,"location":null,"numPassingAsserts":6,"retryReasons":[],"status":"passed","title":"shows worklist invoices on All even when they are absent from status buckets"},{"ancestorTitles":["c-billing-control-center-commission"],"duration":226,"failureDetails":[],"failureMessages":[],"fullName":"c-billing-control-center-commission expands an invoice for opportunity description then payments","invocations":1,"location":null,"numPassingAsserts":3,"retryReasons":[],"status":"passed","title":"expands an invoice for opportunity description then payments"}],"endTime":1788120630051,"message":"","name":"C:\\Users\\matth\\Github Local\\Propump billing controller\\force-app\\main\\default\\lwc\\billingControlCenterCommission\\__tests__\\billingControlCenterCommission.test.js","startTime":1788120624286,"status":"passed","summary":""},{"assertionResults":[{"ancestorTitles":["c-billing-control-center-orders date filtering"],"duration":695,"failureDetails":[],"failureMessages":[],"fullName":"c-billing-control-center-orders date filtering renders the buckets returned by Apex","invocations":1,"location":null,"numPassingAsserts":2,"retryReasons":[],"status":"passed","title":"renders the buckets returned by Apex"},{"ancestorTitles":["c-billing-control-center-orders date filtering"],"duration":275,"failureDetails":[],"failureMessages":[],"fullName":"c-billing-control-center-orders date filtering sends the selected preset to Apex","invocations":1,"location":null,"numPassingAsserts":4,"retryReasons":[],"status":"passed","title":"sends the selected preset to Apex"},{"ancestorTitles":["c-billing-control-center-orders date filtering"],"duration":210,"failureDetails":[],"failureMessages":[],"fullName":"c-billing-control-center-orders date filtering sends This Month start and end dates so Apex cannot fall back to Current Year","invocations":1,"location":null,"numPassingAsserts":5,"retryReasons":[],"status":"passed","title":"sends This Month start and end dates so Apex cannot fall back to Current Year"},{"ancestorTitles":["c-billing-control-center-orders date filtering"],"duration":342,"failureDetails":[],"failureMessages":[],"fullName":"c-billing-control-center-orders date filtering replaces the rendered dataset when the window changes","invocations":1,"location":null,"numPassingAsserts":2,"retryReasons":[],"status":"passed","title":"replaces the rendered dataset when the window changes"},{"ancestorTitles":["c-billing-control-center-orders date filtering"],"duration":180,"failureDetails":[],"failureMessages":[],"fullName":"c-billing-control-center-orders date filtering keys its cache on the custom start and end dates independently","invocations":1,"location":null,"numPassingAsserts":1,"retryReasons":[],"status":"passed","title":"keys its cache on the custom start and end dates independently"},{"ancestorTitles":["c-billing-control-center-orders date filtering"],"duration":68,"failureDetails":[],"failureMessages":[],"fullName":"c-billing-control-center-orders date filtering sends opportunityOwnerId alongside the window so the cache cannot merge owners","invocations":1,"location":null,"numPassingAsserts":2,"retryReasons":[],"status":"passed","title":"sends opportunityOwnerId alongside the window so the cache cannot merge owners"},{"ancestorTitles":["c-billing-control-center-orders date filtering"],"duration":99,"failureDetails":[],"failureMessages":[],"fullName":"c-billing-control-center-orders date filtering defaults the date window to This Month","invocations":1,"location":null,"numPassingAsserts":1,"retryReasons":[],"status":"passed","title":"defaults the date window to This Month"},{"ancestorTitles":["c-billing-control-center-orders date filtering"],"duration":359,"failureDetails":[],"failureMessages":[],"fullName":"c-billing-control-center-orders date filtering opens the matching accordion section when a KPI tile is clicked","invocations":1,"location":null,"numPassingAsserts":1,"retryReasons":[],"status":"passed","title":"opens the matching accordion section when a KPI tile is clicked"},{"ancestorTitles":["c-billing-control-center-orders date filtering"],"duration":300,"failureDetails":[],"failureMessages":[],"fullName":"c-billing-control-center-orders date filtering keeps rendered rows while a refresh is in flight","invocations":1,"location":null,"numPassingAsserts":4,"retryReasons":[],"status":"passed","title":"keeps rendered rows while a refresh is in flight"},{"ancestorTitles":["c-billing-control-center-orders date filtering"],"duration":133,"failureDetails":[],"failureMessages":[],"fullName":"c-billing-control-center-orders date filtering starts with work-type groups expanded","invocations":1,"location":null,"numPassingAsserts":1,"retryReasons":[],"status":"passed","title":"starts with work-type groups expanded"},{"ancestorTitles":["c-billing-control-center-orders date filtering"],"duration":118,"failureDetails":[],"failureMessages":[],"fullName":"c-billing-control-center-orders date filtering does not let a slow earlier response overwrite a newer date filter","invocations":1,"location":null,"numPassingAsserts":2,"retryReasons":[],"status":"passed","title":"does not let a slow earlier response overwrite a newer date filter"},{"ancestorTitles":["c-billing-control-center-orders date filtering"],"duration":111,"failureDetails":[],"failureMessages":[],"fullName":"c-billing-control-center-orders date filtering clears the spinner once the newest request settles","invocations":1,"location":null,"numPassingAsserts":1,"retryReasons":[],"status":"passed","title":"clears the spinner once the newest request settles"},{"ancestorTitles":["c-billing-control-center-orders date filtering"],"duration":142,"failureDetails":[],"failureMessages":[],"fullName":"c-billing-control-center-orders date filtering opens the ledger modal without passing a date window (full Related Work diary)","invocations":1,"location":null,"numPassingAsserts":3,"retryReasons":[],"status":"passed","title":"opens the ledger modal without passing a date window (full Related Work diary)"},{"ancestorTitles":["c-billing-control-center-orders date filtering"],"duration":213,"failureDetails":[],"failureMessages":[],"fullName":"c-billing-control-center-orders date filtering keeps billed-excluded Apex totals on the tile and omits billed rows from pit/other splits","invocations":1,"location":null,"numPassingAsserts":8,"retryReasons":[],"status":"passed","title":"keeps billed-excluded Apex totals on the tile and omits billed rows from pit/other splits"}],"endTime":1788120631935,"message":"","name":"C:\\Users\\matth\\Github Local\\Propump billing controller\\force-app\\main\\default\\lwc\\billingControlCenterOrders\\__tests__\\billingControlCenterOrders.test.js","startTime":1788120624293,"status":"passed","summary":""},{"assertionResults":[{"ancestorTitles":["c-billing-control-center-billing KPI lists"],"duration":684,"failureDetails":[],"failureMessages":[],"fullName":"c-billing-control-center-billing KPI lists renders one accordion list per readiness KPI with matching counts","invocations":1,"location":null,"numPassingAsserts":5,"retryReasons":[],"status":"passed","title":"renders one accordion list per readiness KPI with matching counts"},{"ancestorTitles":["c-billing-control-center-billing KPI lists"],"duration":321,"failureDetails":[],"failureMessages":[],"fullName":"c-billing-control-center-billing KPI lists KPI tiles jump to the matching accordion section","invocations":1,"location":null,"numPassingAsserts":2,"retryReasons":[],"status":"passed","title":"KPI tiles jump to the matching accordion section"},{"ancestorTitles":["c-billing-control-center-billing KPI lists"],"duration":292,"failureDetails":[],"failureMessages":[],"fullName":"c-billing-control-center-billing KPI lists counts overlapping Opportunities once in the list summary","invocations":1,"location":null,"numPassingAsserts":1,"retryReasons":[],"status":"passed","title":"counts overlapping Opportunities once in the list summary"},{"ancestorTitles":["c-billing-control-center-billing KPI lists"],"duration":451,"failureDetails":[],"failureMessages":[],"fullName":"c-billing-control-center-billing KPI lists selecting a Ready to Bill row sets the invoice Opportunity without attaching every visit","invocations":1,"location":null,"numPassingAsserts":4,"retryReasons":[],"status":"passed","title":"selecting a Ready to Bill row sets the invoice Opportunity without attaching every visit"},{"ancestorTitles":["c-billing-control-center-billing KPI lists"],"duration":447,"failureDetails":[],"failureMessages":[],"fullName":"c-billing-control-center-billing KPI lists opens the invoice modal with no visits selected so a deposit can be recorded","invocations":1,"location":null,"numPassingAsserts":3,"retryReasons":[],"status":"passed","title":"opens the invoice modal with no visits selected so a deposit can be recorded"},{"ancestorTitles":["c-billing-control-center-billing KPI lists"],"duration":336,"failureDetails":[],"failureMessages":[],"fullName":"c-billing-control-center-billing KPI lists does not open Record Invoice without an Opportunity or visit selection","invocations":1,"location":null,"numPassingAsserts":1,"retryReasons":[],"status":"passed","title":"does not open Record Invoice without an Opportunity or visit selection"},{"ancestorTitles":["c-billing-control-center-billing KPI lists"],"duration":353,"failureDetails":[],"failureMessages":[],"fullName":"c-billing-control-center-billing KPI lists checking a visit attaches that Service Appointment without selecting the Opportunity row","invocations":1,"location":null,"numPassingAsserts":6,"retryReasons":[],"status":"passed","title":"checking a visit attaches that Service Appointment without selecting the Opportunity row"},{"ancestorTitles":["c-billing-control-center-billing KPI lists"],"duration":661,"failureDetails":[],"failureMessages":[],"fullName":"c-billing-control-center-billing KPI lists flags a visit for review","invocations":1,"location":null,"numPassingAsserts":5,"retryReasons":[],"status":"passed","title":"flags a visit for review"}],"endTime":1788120632162,"message":"","name":"C:\\Users\\matth\\Github Local\\Propump billing controller\\force-app\\main\\default\\lwc\\billingControlCenterBilling\\__tests__\\billingControlCenterBilling.test.js","startTime":1788120624290,"status":"passed","summary":""}],"wasInterrupted":false}
